[debug] [2023-01-17T18:00:30.923Z] ----------------------------------------------------------------------
[debug] [2023-01-17T18:00:30.925Z] Command:       C:\Program Files\nodejs\node.exe C:\Users\user\AppData\Roaming\npm\node_modules\firebase-tools\lib\bin\firebase.js deploy
[debug] [2023-01-17T18:00:30.926Z] CLI Version:   11.0.1
[debug] [2023-01-17T18:00:30.926Z] Platform:      win32
[debug] [2023-01-17T18:00:30.926Z] Node Version:  v16.15.0
[debug] [2023-01-17T18:00:30.937Z] Time:          Tue Jan 17 2023 23:30:30 GMT+0530 (India Standard Time)
[debug] [2023-01-17T18:00:30.938Z] ----------------------------------------------------------------------
[debug] 
[debug] [2023-01-17T18:00:30.946Z] >>> [apiv2][query] GET https://firebase-public.firebaseio.com/cli.json [none]
[debug] [2023-01-17T18:00:31.055Z] > command requires scopes: ["email","openid","https://www.googleapis.com/auth/cloudplatformprojects.readonly","https://www.googleapis.com/auth/firebase","https://www.googleapis.com/auth/cloud-platform"]
[debug] [2023-01-17T18:00:31.056Z] > authorizing via signed-in user (nilavastnd@gmail.com)
[debug] [2023-01-17T18:00:31.056Z] [iam] checking project clone-446bd for permissions ["firebase.projects.get","firebasehosting.sites.update"]
[debug] [2023-01-17T18:00:31.057Z] > refreshing access token with scopes: []
[debug] [2023-01-17T18:00:31.058Z] >>> HTTP REQUEST POST https://www.googleapis.com/oauth2/v3/token  
 <request body omitted>
[debug] [2023-01-17T18:00:31.434Z] <<< HTTP RESPONSE 400 {"cache-control":"no-cache, no-store, max-age=0, must-revalidate","pragma":"no-cache","expires":"Mon, 01 Jan 1990 00:00:00 GMT","date":"Tue, 17 Jan 2023 18:00:35 GMT","content-type":"application/json; charset=utf-8","vary":"X-Origin, Referer, Origin,Accept-Encoding","server":"scaffolding on HTTPServer2","x-xss-protection":"0","x-frame-options":"SAMEORIGIN","x-content-type-options":"nosniff","alt-svc":"h3=\":443\"; ma=2592000,h3-29=\":443\"; ma=2592000,h3-Q050=\":443\"; ma=2592000,h3-Q046=\":443\"; ma=2592000,h3-Q043=\":443\"; ma=2592000,quic=\":443\"; ma=2592000; v=\"46,43\"","accept-ranges":"none","transfer-encoding":"chunked"}
[debug] [2023-01-17T18:00:31.436Z] >>> [apiv2][query] POST https://cloudresourcemanager.googleapis.com/v1/projects/clone-446bd:testIamPermissions [none]
[debug] [2023-01-17T18:00:31.437Z] >>> [apiv2][body] POST https://cloudresourcemanager.googleapis.com/v1/projects/clone-446bd:testIamPermissions {"permissions":["firebase.projects.get","firebasehosting.sites.update"]}
[debug] [2023-01-17T18:00:31.685Z] <<< [apiv2][status] GET https://firebase-public.firebaseio.com/cli.json 200
[debug] [2023-01-17T18:00:31.686Z] <<< [apiv2][body] GET https://firebase-public.firebaseio.com/cli.json {"cloudBuildErrorAfter":1594252800000,"cloudBuildWarnAfter":1590019200000,"defaultNode10After":1594252800000,"minVersion":"3.0.5","node8DeploysDisabledAfter":1613390400000,"node8RuntimeDisabledAfter":1615809600000,"node8WarnAfter":1600128000000}
[debug] [2023-01-17T18:00:33.040Z] <<< [apiv2][status] POST https://cloudresourcemanager.googleapis.com/v1/projects/clone-446bd:testIamPermissions 401
[debug] [2023-01-17T18:00:33.040Z] <<< [apiv2][body] POST https://cloudresourcemanager.googleapis.com/v1/projects/clone-446bd:testIamPermissions {"error":{"code":401,"message":"Request had invalid authentication credentials. Expected OAuth 2 access token, login cookie or other valid authentication credential. See https://developers.google.com/identity/sign-in/web/devconsole-project.","status":"UNAUTHENTICATED","details":[{"@type":"type.googleapis.com/google.rpc.ErrorInfo","reason":"ACCESS_TOKEN_TYPE_UNSUPPORTED","metadata":{"method":"google.cloudresourcemanager.v1.Projects.TestIamPermissions","service":"cloudresourcemanager.googleapis.com"}}]}}
[debug] [2023-01-17T18:00:33.043Z] [iam] error while checking permissions, command may fail: FirebaseError: HTTP Error: 401, Request had invalid authentication credentials. Expected OAuth 2 access token, login cookie or other valid authentication credential. See https://developers.google.com/identity/sign-in/web/devconsole-project.
[debug] [2023-01-17T18:00:33.043Z] > refreshing access token with scopes: []
[debug] [2023-01-17T18:00:33.044Z] >>> HTTP REQUEST POST https://www.googleapis.com/oauth2/v3/token  
 <request body omitted>
[debug] [2023-01-17T18:00:33.393Z] <<< HTTP RESPONSE 400 {"cache-control":"no-cache, no-store, max-age=0, must-revalidate","expires":"Mon, 01 Jan 1990 00:00:00 GMT","date":"Tue, 17 Jan 2023 18:00:37 GMT","pragma":"no-cache","content-type":"application/json; charset=utf-8","vary":"X-Origin, Referer, Origin,Accept-Encoding","server":"scaffolding on HTTPServer2","x-xss-protection":"0","x-frame-options":"SAMEORIGIN","x-content-type-options":"nosniff","alt-svc":"h3=\":443\"; ma=2592000,h3-29=\":443\"; ma=2592000,h3-Q050=\":443\"; ma=2592000,h3-Q046=\":443\"; ma=2592000,h3-Q043=\":443\"; ma=2592000,quic=\":443\"; ma=2592000; v=\"46,43\"","accept-ranges":"none","transfer-encoding":"chunked"}
[debug] [2023-01-17T18:00:33.395Z] >>> [apiv2][query] GET https://firebase.googleapis.com/v1beta1/projects/clone-446bd [none]
[debug] [2023-01-17T18:00:33.793Z] <<< [apiv2][status] GET https://firebase.googleapis.com/v1beta1/projects/clone-446bd 401
[debug] [2023-01-17T18:00:33.794Z] <<< [apiv2][body] GET https://firebase.googleapis.com/v1beta1/projects/clone-446bd {"error":{"code":401,"message":"Request had invalid authentication credentials. Expected OAuth 2 access token, login cookie or other valid authentication credential. See https://developers.google.com/identity/sign-in/web/devconsole-project.","status":"UNAUTHENTICATED"}}
[debug] [2023-01-17T18:00:33.794Z] HTTP Error: 401, Request had invalid authentication credentials. Expected OAuth 2 access token, login cookie or other valid authentication credential. See https://developers.google.com/identity/sign-in/web/devconsole-project.
[debug] [2023-01-17T18:00:34.196Z] FirebaseError: HTTP Error: 401, Request had invalid authentication credentials. Expected OAuth 2 access token, login cookie or other valid authentication credential. See https://developers.google.com/identity/sign-in/web/devconsole-project.
    at module.exports (C:\Users\user\AppData\Roaming\npm\node_modules\firebase-tools\lib\responseToError.js:47:12)
    at RetryOperation._fn (C:\Users\user\AppData\Roaming\npm\node_modules\firebase-tools\lib\apiv2.js:286:39)
    at processTicksAndRejections (node:internal/process/task_queues:96:5)
[error] 
[error] Error: Failed to get Firebase project clone-446bd. Please make sure the project exists and your account has permission to access it.
[debug] [2023-01-17T18:02:17.149Z] ----------------------------------------------------------------------
[debug] [2023-01-17T18:02:17.152Z] Command:       C:\Program Files\nodejs\node.exe C:\Users\user\AppData\Roaming\npm\node_modules\firebase-tools\lib\bin\firebase.js deploy
[debug] [2023-01-17T18:02:17.153Z] CLI Version:   11.0.1
[debug] [2023-01-17T18:02:17.153Z] Platform:      win32
[debug] [2023-01-17T18:02:17.153Z] Node Version:  v16.15.0
[debug] [2023-01-17T18:02:17.154Z] Time:          Tue Jan 17 2023 23:32:17 GMT+0530 (India Standard Time)
[debug] [2023-01-17T18:02:17.155Z] ----------------------------------------------------------------------
[debug] 
[debug] [2023-01-17T18:02:17.238Z] > command requires scopes: ["email","openid","https://www.googleapis.com/auth/cloudplatformprojects.readonly","https://www.googleapis.com/auth/firebase","https://www.googleapis.com/auth/cloud-platform"]
[debug] [2023-01-17T18:02:17.239Z] > authorizing via signed-in user (nilavastnd@gmail.com)
[debug] [2023-01-17T18:02:17.239Z] [iam] checking project clone-446bd for permissions ["firebase.projects.get","firebasehosting.sites.update"]
[debug] [2023-01-17T18:02:17.241Z] > refreshing access token with scopes: []
[debug] [2023-01-17T18:02:17.242Z] >>> HTTP REQUEST POST https://www.googleapis.com/oauth2/v3/token  
 <request body omitted>
[debug] [2023-01-17T18:02:17.651Z] <<< HTTP RESPONSE 400 {"pragma":"no-cache","cache-control":"no-cache, no-store, max-age=0, must-revalidate","expires":"Mon, 01 Jan 1990 00:00:00 GMT","date":"Tue, 17 Jan 2023 18:02:22 GMT","content-type":"application/json; charset=utf-8","vary":"X-Origin, Referer, Origin,Accept-Encoding","server":"scaffolding on HTTPServer2","x-xss-protection":"0","x-frame-options":"SAMEORIGIN","x-content-type-options":"nosniff","alt-svc":"h3=\":443\"; ma=2592000,h3-29=\":443\"; ma=2592000,h3-Q050=\":443\"; ma=2592000,h3-Q046=\":443\"; ma=2592000,h3-Q043=\":443\"; ma=2592000,quic=\":443\"; ma=2592000; v=\"46,43\"","accept-ranges":"none","transfer-encoding":"chunked"}
[debug] [2023-01-17T18:02:17.654Z] >>> [apiv2][query] POST https://cloudresourcemanager.googleapis.com/v1/projects/clone-446bd:testIamPermissions [none]
[debug] [2023-01-17T18:02:17.654Z] >>> [apiv2][body] POST https://cloudresourcemanager.googleapis.com/v1/projects/clone-446bd:testIamPermissions {"permissions":["firebase.projects.get","firebasehosting.sites.update"]}
[debug] [2023-01-17T18:02:19.263Z] <<< [apiv2][status] POST https://cloudresourcemanager.googleapis.com/v1/projects/clone-446bd:testIamPermissions 401
[debug] [2023-01-17T18:02:19.263Z] <<< [apiv2][body] POST https://cloudresourcemanager.googleapis.com/v1/projects/clone-446bd:testIamPermissions {"error":{"code":401,"message":"Request had invalid authentication credentials. Expected OAuth 2 access token, login cookie or other valid authentication credential. See https://developers.google.com/identity/sign-in/web/devconsole-project.","status":"UNAUTHENTICATED","details":[{"@type":"type.googleapis.com/google.rpc.ErrorInfo","reason":"ACCESS_TOKEN_TYPE_UNSUPPORTED","metadata":{"method":"google.cloudresourcemanager.v1.Projects.TestIamPermissions","service":"cloudresourcemanager.googleapis.com"}}]}}
[debug] [2023-01-17T18:02:19.264Z] [iam] error while checking permissions, command may fail: FirebaseError: HTTP Error: 401, Request had invalid authentication credentials. Expected OAuth 2 access token, login cookie or other valid authentication credential. See https://developers.google.com/identity/sign-in/web/devconsole-project.
[debug] [2023-01-17T18:02:19.265Z] > refreshing access token with scopes: []
[debug] [2023-01-17T18:02:19.265Z] >>> HTTP REQUEST POST https://www.googleapis.com/oauth2/v3/token  
 <request body omitted>
[debug] [2023-01-17T18:02:19.598Z] <<< HTTP RESPONSE 400 {"expires":"Mon, 01 Jan 1990 00:00:00 GMT","cache-control":"no-cache, no-store, max-age=0, must-revalidate","date":"Tue, 17 Jan 2023 18:02:23 GMT","pragma":"no-cache","content-type":"application/json; charset=utf-8","vary":"X-Origin, Referer, Origin,Accept-Encoding","server":"scaffolding on HTTPServer2","x-xss-protection":"0","x-frame-options":"SAMEORIGIN","x-content-type-options":"nosniff","alt-svc":"h3=\":443\"; ma=2592000,h3-29=\":443\"; ma=2592000,h3-Q050=\":443\"; ma=2592000,h3-Q046=\":443\"; ma=2592000,h3-Q043=\":443\"; ma=2592000,quic=\":443\"; ma=2592000; v=\"46,43\"","accept-ranges":"none","transfer-encoding":"chunked"}
[debug] [2023-01-17T18:02:19.599Z] >>> [apiv2][query] GET https://firebase.googleapis.com/v1beta1/projects/clone-446bd [none]
[debug] [2023-01-17T18:02:19.971Z] <<< [apiv2][status] GET https://firebase.googleapis.com/v1beta1/projects/clone-446bd 401
[debug] [2023-01-17T18:02:19.972Z] <<< [apiv2][body] GET https://firebase.googleapis.com/v1beta1/projects/clone-446bd {"error":{"code":401,"message":"Request had invalid authentication credentials. Expected OAuth 2 access token, login cookie or other valid authentication credential. See https://developers.google.com/identity/sign-in/web/devconsole-project.","status":"UNAUTHENTICATED"}}
[debug] [2023-01-17T18:02:19.972Z] HTTP Error: 401, Request had invalid authentication credentials. Expected OAuth 2 access token, login cookie or other valid authentication credential. See https://developers.google.com/identity/sign-in/web/devconsole-project.
[debug] [2023-01-17T18:02:20.334Z] FirebaseError: HTTP Error: 401, Request had invalid authentication credentials. Expected OAuth 2 access token, login cookie or other valid authentication credential. See https://developers.google.com/identity/sign-in/web/devconsole-project.
    at module.exports (C:\Users\user\AppData\Roaming\npm\node_modules\firebase-tools\lib\responseToError.js:47:12)
    at RetryOperation._fn (C:\Users\user\AppData\Roaming\npm\node_modules\firebase-tools\lib\apiv2.js:286:39)
    at processTicksAndRejections (node:internal/process/task_queues:96:5)
[error] 
[error] Error: Failed to get Firebase project clone-446bd. Please make sure the project exists and your account has permission to access it.
[debug] [2023-01-17T18:11:18.596Z] ----------------------------------------------------------------------
[debug] [2023-01-17T18:11:18.599Z] Command:       C:\Program Files\nodejs\node.exe C:\Users\user\AppData\Roaming\npm\node_modules\firebase-tools\lib\bin\firebase.js deploy
[debug] [2023-01-17T18:11:18.599Z] CLI Version:   11.20.0
[debug] [2023-01-17T18:11:18.599Z] Platform:      win32
[debug] [2023-01-17T18:11:18.600Z] Node Version:  v16.15.0
[debug] [2023-01-17T18:11:18.601Z] Time:          Tue Jan 17 2023 23:41:18 GMT+0530 (India Standard Time)
[debug] [2023-01-17T18:11:18.601Z] ----------------------------------------------------------------------
[debug] 
[debug] [2023-01-17T18:11:18.689Z] > command requires scopes: ["email","openid","https://www.googleapis.com/auth/cloudplatformprojects.readonly","https://www.googleapis.com/auth/firebase","https://www.googleapis.com/auth/cloud-platform"]
[debug] [2023-01-17T18:11:18.690Z] > authorizing via signed-in user (nilavastnd@gmail.com)
[debug] [2023-01-17T18:11:18.690Z] [iam] checking project clone-446bd for permissions ["firebase.projects.get","firebasehosting.sites.update"]
[debug] [2023-01-17T18:11:18.692Z] > refreshing access token with scopes: []
[debug] [2023-01-17T18:11:18.695Z] >>> [apiv2][query] POST https://www.googleapis.com/oauth2/v3/token [none]
[debug] [2023-01-17T18:11:18.695Z] >>> [apiv2][body] POST https://www.googleapis.com/oauth2/v3/token [omitted]
[debug] [2023-01-17T18:11:19.046Z] <<< [apiv2][status] POST https://www.googleapis.com/oauth2/v3/token 400
[debug] [2023-01-17T18:11:19.046Z] <<< [apiv2][body] POST https://www.googleapis.com/oauth2/v3/token [omitted]
[debug] [2023-01-17T18:11:19.046Z] >>> [apiv2][query] POST https://cloudresourcemanager.googleapis.com/v1/projects/clone-446bd:testIamPermissions [none]
[debug] [2023-01-17T18:11:19.046Z] >>> [apiv2][(partial)header] POST https://cloudresourcemanager.googleapis.com/v1/projects/clone-446bd:testIamPermissions x-goog-quota-user=projects/clone-446bd
[debug] [2023-01-17T18:11:19.047Z] >>> [apiv2][body] POST https://cloudresourcemanager.googleapis.com/v1/projects/clone-446bd:testIamPermissions {"permissions":["firebase.projects.get","firebasehosting.sites.update"]}
[debug] [2023-01-17T18:11:20.694Z] <<< [apiv2][status] POST https://cloudresourcemanager.googleapis.com/v1/projects/clone-446bd:testIamPermissions 401
[debug] [2023-01-17T18:11:20.694Z] <<< [apiv2][body] POST https://cloudresourcemanager.googleapis.com/v1/projects/clone-446bd:testIamPermissions {"error":{"code":401,"message":"Request had invalid authentication credentials. Expected OAuth 2 access token, login cookie or other valid authentication credential. See https://developers.google.com/identity/sign-in/web/devconsole-project.","status":"UNAUTHENTICATED","details":[{"@type":"type.googleapis.com/google.rpc.ErrorInfo","reason":"ACCESS_TOKEN_TYPE_UNSUPPORTED","metadata":{"service":"cloudresourcemanager.googleapis.com","method":"google.cloudresourcemanager.v1.Projects.TestIamPermissions"}}]}}
[debug] [2023-01-17T18:11:20.696Z] [iam] error while checking permissions, command may fail: FirebaseError: HTTP Error: 401, Request had invalid authentication credentials. Expected OAuth 2 access token, login cookie or other valid authentication credential. See https://developers.google.com/identity/sign-in/web/devconsole-project.
[debug] [2023-01-17T18:11:20.696Z] > refreshing access token with scopes: []
[debug] [2023-01-17T18:11:20.697Z] >>> [apiv2][query] POST https://www.googleapis.com/oauth2/v3/token [none]
[debug] [2023-01-17T18:11:20.697Z] >>> [apiv2][body] POST https://www.googleapis.com/oauth2/v3/token [omitted]
[debug] [2023-01-17T18:11:21.036Z] <<< [apiv2][status] POST https://www.googleapis.com/oauth2/v3/token 400
[debug] [2023-01-17T18:11:21.036Z] <<< [apiv2][body] POST https://www.googleapis.com/oauth2/v3/token [omitted]
[debug] [2023-01-17T18:11:21.037Z] >>> [apiv2][query] GET https://firebase.googleapis.com/v1beta1/projects/clone-446bd [none]
[debug] [2023-01-17T18:11:21.402Z] <<< [apiv2][status] GET https://firebase.googleapis.com/v1beta1/projects/clone-446bd 401
[debug] [2023-01-17T18:11:21.402Z] <<< [apiv2][body] GET https://firebase.googleapis.com/v1beta1/projects/clone-446bd {"error":{"code":401,"message":"Request had invalid authentication credentials. Expected OAuth 2 access token, login cookie or other valid authentication credential. See https://developers.google.com/identity/sign-in/web/devconsole-project.","status":"UNAUTHENTICATED"}}
[debug] [2023-01-17T18:11:21.403Z] HTTP Error: 401, Request had invalid authentication credentials. Expected OAuth 2 access token, login cookie or other valid authentication credential. See https://developers.google.com/identity/sign-in/web/devconsole-project.
[debug] [2023-01-17T18:11:21.719Z] FirebaseError: HTTP Error: 401, Request had invalid authentication credentials. Expected OAuth 2 access token, login cookie or other valid authentication credential. See https://developers.google.com/identity/sign-in/web/devconsole-project.
    at responseToError (C:\Users\user\AppData\Roaming\npm\node_modules\firebase-tools\lib\responseToError.js:49:12)
    at RetryOperation._fn (C:\Users\user\AppData\Roaming\npm\node_modules\firebase-tools\lib\apiv2.js:288:77)
    at processTicksAndRejections (node:internal/process/task_queues:96:5)
[error] 
[error] Error: Failed to get Firebase project clone-446bd. Please make sure the project exists and your account has permission to access it.
